0 25 26 27 1 12 29 30 2 23 21 31 32 33 3 24 36 4 6 37 38 5 20 40 41 42 43 44 45 7 10 47 48 8 49 19 53 16 55 56 57 58 59 60 17 61 63 13 64 65 66 15 72 73 74 75 76 77 78 18 79 80 81 82 83 84 85 86 87 88 89 90 95 97 98 99
0 25
0 26
0 27
25 78
26 83
26 61
27 65
27 85
27 98
27 32
1 30
12 61
29 60
30 36
2 31
2 32
2 33
23 95
21 88
21 89
21 90
32 47
3 36
24 97
24 98
36 74
4 37
6 43
6 45
37 57
38 97
5 40
5 41
5 42
20 85
20 86
20 87
40 82
40 75
43 66
44 56
7 47
10 55
10 56
10 57
47 53
47 99
48 61
8 49
49 82
19 82
19 84
16 73
16 74
16 75
55 87
56 80
58 72
59 78
60 64
17 76
17 77
17 78
61 63
13 64
13 65
13 66
66 72
15 72
75 90
75 86
18 79
18 80
18 81
88 95