0 3 7 12 4 11 16 15 17 13 20 21 23 22 24 26 27 25 28 29 30 35 34 31 39 33 36 40 32 38 42 41 45 37 46 47 44 48 43 49 50 53 57 52 54 51 55 61 62 56 58 60 66 65 63 59 69 70 73 75 78 76 79 74 82 87 86 91 85 92 88 94 97
0 3
3 7
7 12
7 4
12 17
12 13
11 16
11 15
16 20
17 21
20 23
21 22
23 26
22 24
24 27
26 25
27 28
25 29
28 31
29 30
30 35
30 34
30 31
35 36
35 40
34 39
34 33
39 42
33 32
33 38
36 41
40 45
42 46
41 37
45 47
45 44
46 48
46 43
47 49
48 50
50 53
53 57
53 52
57 54
57 61
57 62
57 56
57 58
54 51
54 55
61 60
61 66
61 65
62 63
60 59
66 69
66 70
69 73
73 75
75 78
78 82
76 79
76 74
79 82
82 87
82 86
87 92
87 88
86 91
86 85
91 94
92 97