0 1 2 5 6 7 8 9 10 11 12 15 18 19 20 21 22 23 24 25 26 27 28 29 31 32 33 34 35 36 37 38 39 40 41 42 43 45 49 50 51 52 55 56 59 60 61 62 63 64 65 67 68 69 70 71 73 74 75 76 77
0 1
0 15
0 49
0 41
1 2
5 6
6 7
6 21
8 9
8 52
9 10
9 21
9 45
11 12
11 21
18 19
19 20
20 21
20 43
21 22
21 41
21 35
21 27
21 77
21 63
22 23
23 24
23 31
25 26
26 27
26 60
27 28
27 33
28 29
28 37
31 32
33 34
35 36
36 56
38 39
38 41
40 41
41 42
50 51
50 75
55 56
59 64
61 68
62 63
63 64
64 65
67 68
68 69
68 77
69 70
69 74
70 71
73 74
75 76
76 77