4 8 2 17 12 25 24 13 27 6 14 28 29 35 51 54 56 65 42 69 21 45 70 22 73 75 76 63 79 31 64 80 32 33 34 66 81 36 37 67 39 38 68 82 40 41 43 83 44 71 47 46 84 50 85 86 78 87 60 88 89 90 74 91 92 93 0
4 8
4 2
8 17
17 35
12 25
12 24
25 51
13 27
13 6
27 54
14 28
14 29
28 56
35 65
51 73
54 75
56 76
65 80
65 34
42 69
42 21
69 82
69 43
45 70
45 22
70 83
70 44
73 84
73 50
75 85
76 86
63 79
63 31
79 87
64 80
64 32
64 33
80 88
66 81
66 36
66 37
81 67
81 88
67 39
67 38
68 82
68 40
68 41
82 89
83 71
83 89
71 47
71 46
84 90
85 90
85 74
86 91
78 87
78 60
87 91
88 92
89 92
90 93
91 93
92 0
93 0