0 1 15 27 28 2 13 4 31 32 33 3 34 35 36 23 24 39 5 21 40 6 8 9 19 44 45 7 46 48 49 52 54 20 55 57 11 16 58 59 12 62 64 65 66 14 67 22 70 72 73 74 75 77 78 18 81 82 83 84 85 88 89 90 91 92 93 95
0 27
1 28
15 70
15 72
27 74
28 32
2 31
2 32
13 64
13 65
13 66
4 39
31 49
32 81
32 89
33 84
3 34
3 35
3 36
34 52
34 89
35 57
23 95
24 21
39 72
5 21
5 40
21 20
21 88
21 89
21 90
6 44
6 45
8 49
9 52
9 54
19 82
19 83
19 84
45 92
45 95
45 62
45 58
7 46
7 48
46 72
46 78
20 85
55 58
11 59
16 73
16 74
16 75
59 65
12 62
64 89
66 77
14 67
67 82
22 91
22 92
22 93
72 89
74 88
18 81
84 90
90 92