0 1 4 6 8 10 11 12 13 14 15 18 19 22 23 24 26 28 32 33 35 37 39 41 43 44 45 46 47 49 50 52 55 56 58 60 61 63 66 68 69 70 72 73 74 77 80 81 82 84 86 88 89 92 93 94 95 96 97
0 1
0 63
1 45
4 49
6 95
8 41
10 11
10 69
10 46
11 12
11 35
12 56
13 14
14 15
15 47
18 19
18 50
22 23
23 24
24 89
24 52
26 61
28 60
32 33
33 45
37 73
39 44
39 84
41 69
43 44
43 77
44 45
45 46
46 47
46 94
47 49
49 50
55 60
58 81
60 61
61 96
66 82
68 69
69 70
72 73
72 95
73 74
74 81
80 81
81 82
86 97
88 89
89 94
92 93
93 94
94 95
95 96
96 97