0 57 74 75 76 77 78 79 80 81 82 83 84 85 86 87 88 89 90 91 92 93 94 95 96 97 98 99 1 52 41 62 2 58 24 3 25 4 61 45 5 72 71 23 8 66 9 10 27 11 43 12 19 13 32 34 70 14 16 37 17 40 18 31 20 56 26 29 69 30 44 67 64 54 53
0 57
0 74
0 75
0 76
0 77
0 78
0 79
0 80
0 81
0 82
0 83
0 84
0 85
0 86
0 87
0 88
0 89
0 90
0 91
0 92
0 93
0 94
0 95
0 96
0 97
0 98
0 99
57 26
57 31
74 1
75 2
77 4
80 8
81 9
82 10
84 13
87 16
90 19
94 23
96 25
97 27
98 29
1 52
1 62
41 16
2 58
2 24
3 4
4 61
4 45
61 44
45 54
5 72
72 12
71 70
23 56
8 66
11 43
43 40
12 19
19 14
13 32
13 34
13 70
34 67
70 69
16 37
37 30
17 40
40 20
40 31
40 64
18 31
67 53