0 29 55 56 57 58 59 60 61 62 63 64 65 66 67 68 69 70 71 72 73 74 75 76 77 78 79 80 81 82 83 84 85 86 87 88 89 90 91 92 93 94 95 96 1 43 2 28 3 4 12 5 6 39 7 40 48 24 9 14 23 54 13 49 18 30 46 25 50 26 34 45 47
0 29
0 55
0 56
0 57
0 58
0 59
0 60
0 61
0 62
0 63
0 64
0 65
0 66
0 67
0 68
0 69
0 70
0 71
0 72
0 73
0 74
0 75
0 76
0 77
0 79
0 80
0 81
0 82
0 83
0 84
0 85
0 86
0 87
0 88
0 89
0 90
0 91
0 92
0 93
0 94
0 95
0 96
29 9
29 78
55 1
56 2
58 4
59 5
64 12
65 13
66 14
69 18
72 23
73 24
74 25
75 26
77 28
79 30
81 34
86 40
90 45
91 46
92 47
93 49
43 18
3 12
12 54
5 6
6 39
7 40
7 48
25 50