87 4 8 41 70 54 72 66 56 18 50 25 39 27 84 96 64 26 79 33 92 5 3 31 35 61 80 89 42 68 32 10 34 19 82 24 51 52 53 73 16 15 63 97 7 57 77 43 9 59 62 90 30 6 99 36 75 13 47 1 37 67 20 58 44 86 46 91 2 12 11 22 81 14 55 45 29 93 48 85 60 40 95 94
87 4
87 63
4 32
4 60
8 5
8 68
41 39
70 33
70 27
54 72
72 63
66 77
66 55
66 39
56 62
56 64
56 13
18 25
18 3
18 53
50 90
25 9
84 55
96 59
64 26
64 33
64 89
64 68
26 63
26 58
26 45
26 12
26 42
26 52
79 31
33 48
33 94
92 30
92 15
92 1
92 34
31 35
35 24
35 93
61 86
80 51
89 6
89 86
10 43
10 11
19 7
19 48
19 22
82 20
24 20
51 20
53 85
53 12
73 75
16 59
63 57
63 36
63 44
63 46
97 13
97 91
57 29
77 43
59 45
59 37
62 93
90 93
6 99
99 40
75 45
13 47
47 1
67 85
20 81
91 2
91 95
81 14
55 93