8 4 67 10 45 51 89 23 33 12 43 27 21 72 30 37 6 64 84 50 34 97 7 36 2 83 68 3 92 53 39 93 15 90 40 91 80 1 42 26 55 62 44 0 95 98 82 17 52 46 87 70 61 76 79 38 28 73 11 88 74 14 66 86 81 60 35 5 99 77 58
8 4
8 67
8 10
4 45
67 38
67 28
10 51
10 89
45 82
51 87
89 81
89 77
23 33
23 12
33 50
12 43
27 21
27 72
21 30
72 50
30 37
37 3
6 64
6 84
64 62
64 79
34 97
34 7
97 87
36 2
36 83
2 68
83 5
68 44
68 11
3 92
3 53
92 58
53 0
39 93
39 15
93 99
15 90
40 91
40 80
40 1
91 73
80 14
80 60
42 26
42 55
26 62
44 0
44 95
0 98
98 61
17 52
17 46
52 70
87 11
70 28
61 76
79 81
38 73
11 88
74 14
74 66
14 86
86 99
81 35