0 12 25 26 27 1 15 28 30 21 9 5 14 13 16 24 40 41 42 18 8 49 50 51 11 52 53 54 10 23 55 56 57 58 59 60 17 61 62 63 64 65 66 67 68 69 70 71 72 73 74 75 22 76 77 78 79 80 81 88 90 91 92 93 94 95 96 97 98 99
0 25
0 26
0 27
12 61
12 62
12 63
25 57
25 74
26 65
26 94
26 76
1 28
1 30
15 70
15 71
15 72
30 58
21 88
21 90
9 52
9 54
5 40
5 41
5 42
14 67
14 68
14 69
13 64
13 65
13 66
16 73
16 74
16 75
24 97
24 98
24 99
40 65
42 53
18 79
18 80
18 81
8 49
8 50
8 51
50 66
11 58
11 59
11 60
52 59
10 55
10 56
10 57
23 94
23 95
23 96
59 66
60 99
17 76
17 77
17 78
62 90
66 69
72 75
74 92
22 91
22 92
22 93
77 79
90 99