0 5 24 26 27 1 16 29 30 2 9 31 32 33 3 34 35 36 4 37 38 39 40 41 42 6 14 43 44 45 7 21 48 8 13 49 50 51 52 53 54 10 19 55 56 57 12 58 59 60 62 63 20 18 64 67 68 69 15 23 72 73 74 75 80 81 82 83 84 85 86 87 88 94 95 96 97 98 99
0 27
5 40
5 41
5 42
24 97
24 98
24 99
26 96
27 73
1 29
1 30
16 74
16 75
30 36
2 32
2 33
9 52
9 53
9 54
31 97
32 48
33 42
33 50
33 35
3 34
3 35
3 36
34 62
35 53
35 85
35 94
35 97
35 83
36 75
4 37
4 38
4 39
39 83
6 43
6 44
6 45
14 67
14 68
14 69
43 81
43 52
7 48
21 88
8 49
8 50
8 51
13 64
53 57
10 55
10 56
10 57
19 82
19 83
19 84
12 62
12 63
58 87
59 74
60 74
63 64
20 85
20 86
20 87
18 80
18 81
68 72
68 73
15 72
23 94
23 95
23 96
73 83
75 88