1 0 2 3 4 6 9 10 13 14 17 18 20 21 22 23 24 25 35 36 37 38 39 42 43 44 46 47 48 49 50 52 53 54 55 56 57 58 60 61 63 65 70 71 73 74 75 76 77 78 79 80 82 83 84 85 86 88 91 95
1 0
1 2
0 43
2 3
3 4
6 85
9 10
9 74
10 20
10 60
13 79
14 18
17 18
17 25
20 21
20 52
21 22
22 23
22 25
24 25
24 43
35 36
35 79
35 80
35 85
36 75
37 46
37 65
37 76
37 95
38 65
38 86
39 43
39 58
42 43
43 44
43 48
43 65
43 80
44 47
44 53
49 50
50 78
50 79
53 57
53 61
54 55
54 65
55 56
60 71
63 74
65 73
70 85
73 84
76 77
78 88
82 83
83 84
91 95