9 8 2 16 75 74 98 7 77 63 49 48 46 40 38 92 14 78 50 10 72 87 93 12 58 82 13 47 90 26 15 67 59 24 30 69 84 91 76 25 51 32 28 83 88 36 42 33 85 54 71 73 37 65 39 96 80 86 45 95 66 89 79 81
9 50
8 14
8 78
2 16
2 75
2 74
16 24
75 42
75 81
74 39
74 63
74 71
74 76
98 73
7 40
77 49
77 83
63 85
49 15
48 38
46 38
46 71
40 58
92 26
92 50
92 79
92 88
78 79
10 87
72 13
72 51
87 67
87 69
87 89
93 80
93 82
93 88
12 58
12 82
13 47
90 54
90 66
90 83
90 84
90 89
59 71
30 36
69 28
69 86
84 37
91 54
25 51
25 32
51 65
32 88
36 73
33 54
54 45
71 96
71 73
96 66
96 80
95 81