0 82 89 92 1 11 29 33 70 78 2 37 3 52 61 63 4 21 71 7 53 79 95 6 8 66 64 99 35 83 9 16 62 69 13 58 81 24 41 12 22 25 28 43 68 14 74 15 48 98 31 67 17 40 42 50 56 57 19 34 20 36 39 45 46 90 97 27 85 96 32 73 54 49 51 38 77 88 93 84 75 94 91
0 82
82 56
82 96
89 27
89 32
89 54
92 3
1 70
11 61
29 2
29 6
29 15
29 31
29 39
29 66
29 78
33 3
33 70
70 40
70 41
78 71
37 16
37 49
37 51
37 58
52 74
61 8
61 12
63 6
63 16
4 21
21 99
7 99
53 9
53 38
79 68
95 77
95 81
8 35
66 20
66 43
66 74
64 69
64 75
99 12
99 25
99 45
35 24
83 15
9 16
9 62
9 69
16 25
16 67
62 14
13 43
41 42
22 90
28 17
68 36
48 31
48 98
98 40
31 73
17 40
50 85
57 94
19 34
34 54
20 36
39 96
45 84
46 54
90 54
97 32
27 85
27 96
85 91
85 94
38 77
38 93
88 84