0 5 21 23 27 1 15 28 29 30 2 3 13 33 34 35 36 4 9 14 37 39 40 42 6 12 43 44 45 7 48 22 51 54 18 55 56 59 60 62 16 64 65 66 67 68 69 20 24 70 71 72 73 74 75 17 76 77 79 80 81 19 83 84 85 86 87 88 89 90 91 92 94 95 96 98 99
0 27
5 40
5 42
21 88
21 89
21 90
23 94
23 95
23 96
27 87
1 30
15 70
15 71
15 72
28 95
29 94
30 33
30 88
2 33
3 34
3 35
3 36
13 64
13 65
13 66
33 51
34 70
4 37
4 39
9 54
14 67
14 68
14 69
39 69
40 55
42 80
6 43
6 44
6 45
12 62
43 88
7 48
48 67
22 91
22 92
54 89
18 79
18 80
18 81
56 91
59 96
60 75
62 92
16 73
16 74
16 75
66 84
69 73
69 76
69 71
20 85
20 86
20 87
24 99
70 86
70 94
71 88
72 84
17 76
17 77
80 94
19 83
19 84
83 98
86 92
88 99