0 22 27 1 14 7 28 29 30 2 6 32 33 3 16 24 34 35 9 21 5 40 41 42 43 44 20 46 47 48 8 49 50 52 17 11 18 60 13 64 65 66 67 68 19 73 74 75 76 77 78 79 80 81 82 83 84 23 86 88 89 90 91 93 94 95 96 98 99
0 27
22 91
27 83
1 28
1 30
14 67
7 46
7 47
7 48
28 60
29 42
29 47
30 96
30 47
2 32
2 33
6 43
6 44
33 66
3 34
3 35
16 73
16 74
16 75
24 98
24 99
35 83
9 52
21 88
21 90
5 40
5 41
5 42
43 76
20 86
46 65
46 79
46 75
46 84
46 90
47 76
48 99
8 50
49 90
50 77
52 82
17 76
17 77
17 78
11 60
18 79
18 81
13 64
13 65
13 66
64 68
67 91
67 75
19 82
19 83
19 84
73 86
80 90
84 89
23 94
23 95
93 99
94 99