0 1 2 3 4 5 6 7 8 9 10 11 12 13 14 24 23 25 37 26 27 28 29 31 33 32 34 35 30 36 39 38 40 41 42 43 45 44 46 47 49 48 51 50 52 53 54 55 56 57 58 59 60 61 62 65 66 71 72 73 74 75 76 77 78 95 96 98
0 1
0 2
1 3
1 4
2 5
2 6
3 7
3 8
4 9
4 10
5 11
5 12
6 13
6 14
11 24
11 23
24 25
25 37
25 26
25 27
37 30
37 51
37 50
26 28
26 29
27 31
28 33
28 32
29 34
29 35
31 39
31 38
33 42
33 43
32 40
32 41
34 45
34 44
35 46
35 47
30 36
36 49
36 48
39 54
39 55
38 52
38 53
40 56
40 57
41 58
41 59
42 60
42 61
43 62
45 65
45 66
49 73
49 74
48 71
48 72
51 77
51 78
50 75
50 76
60 95
60 96
61 98