0 9 2 3 4 13 1 5 12 73 16 7 39 20 22 23 30 89 24 51 90 86 32 96 17 67 44 18 53 10 92 6 82 29 52 34 27 68 61 63 38 15 41 47 84 36 74 72 33 8 48 49 46 28 81 93 70 69 71 64 88 75 85 98 60 97 54 65 57 58 83
0 9
9 12
2 3
2 4
2 13
3 20
3 22
4 1
1 5
1 16
1 7
1 39
5 12
5 73
16 18
16 53
7 32
7 96
39 63
39 38
39 15
20 82
23 30
23 89
23 24
23 51
23 90
30 29
89 88
24 86
32 10
32 29
32 52
17 67
17 44
67 6
67 57
44 61
18 6
10 92
92 34
92 70
92 71
92 64
34 27
34 68
61 60
63 84
63 54
63 65
41 47
41 84
47 81
36 74
36 72
74 28
74 75
72 33
72 71
33 8
48 49
48 46
49 28
93 70
93 69
88 85
98 60
98 97
57 58
58 83