0 49 1 5 2 65 3 51 4 74 7 36 8 12 9 32 10 90 11 18 13 14 42 15 71 16 45 17 40 81 19 70 20 21 33 22 23 24 63 31 30 72 69 34 35 62 37 43 44 73 47 48 60 52 53 54 55 89 57 58 59 86 82 75 93 76 77 79 80 88
0 49
49 45
1 5
5 74
2 65
2 88
65 45
3 51
51 60
51 52
4 54
74 21
74 73
7 36
36 62
8 30
12 76
12 11
9 32
9 13
9 81
32 30
10 90
10 11
90 57
90 15
11 18
11 23
11 34
11 44
11 52
18 81
18 17
18 19
14 42
42 69
15 71
71 93
16 53
45 44
40 35
81 79
81 80
81 82
19 70
70 22
70 31
20 21
21 33
33 69
33 34
23 89
23 24
24 48
63 62
31 72
30 59
34 35
35 58
35 62
37 47
43 44
47 86
60 86
52 53
54 75
55 89
89 77
75 76