0 19 24 26 1 8 28 30 2 11 7 31 3 35 36 9 10 13 5 41 48 21 49 50 51 12 52 14 15 55 60 61 62 63 16 64 65 66 67 70 71 72 73 74 17 23 76 77 78 22 81 82 83 84 85 86 87 88 90 91 94 95 96 98 99
0 26
19 82
19 83
24 98
24 99
26 73
1 8
1 28
1 30
8 49
8 50
8 51
2 31
11 60
7 48
31 35
3 35
3 36
35 95
9 52
10 55
13 64
13 65
13 66
5 41
41 67
48 91
21 88
21 90
49 71
49 83
50 84
51 96
12 61
12 62
52 94
14 67
15 70
15 71
15 72
55 60
60 83
61 64
63 84
16 73
16 74
64 83
66 81
67 84
70 74
70 91
72 85
17 76
17 77
17 78
23 94
23 95
23 96
76 84
78 90
22 91
83 98
86 96
87 95