0 5 16 25 26 27 1 21 28 29 30 9 3 31 7 34 4 11 37 38 39 12 40 41 42 6 43 44 45 46 47 48 14 10 52 56 22 61 13 64 66 67 69 15 70 73 74 75 76 77 78 20 85 86 87 88 90 92 97 99
0 25
0 26
0 27
5 40
5 41
5 42
16 11
16 14
16 73
16 74
16 75
26 73
26 29
27 56
1 28
1 29
1 30
21 88
21 90
28 77
30 31
9 52
3 34
7 46
7 48
34 88
4 37
4 38
4 39
39 47
39 40
39 64
39 75
39 90
12 61
41 99
42 76
6 43
6 44
6 45
43 85
44 74
45 92
46 66
46 70
48 74
14 67
14 69
10 56
52 86
22 92
61 88
13 66
69 97
15 70
78 92
20 85
20 86
20 87