0 1 2 4 5 6 7 8 10 11 16 17 18 19 20 21 23 27 28 29 31 33 34 35 36 37 41 42 43 44 45 46 48 50 51 52 53 54 55 56 57 59 60 61 62 67 68 69 70 71 75 76 80 81 82 83 87 88 94 95 96 99
0 1
1 2
1 16
1 20
4 87
4 80
5 6
5 95
7 17
8 71
10 99
11 41
16 17
16 96
16 27
18 19
18 48
18 33
19 94
21 55
23 70
27 28
27 50
27 61
27 99
28 29
29 67
31 35
33 42
34 35
35 36
35 60
35 52
36 37
41 42
43 69
44 45
45 57
46 80
46 82
48 50
48 88
48 55
48 69
48 76
50 51
51 52
51 70
53 54
53 83
54 99
56 80
57 76
59 94
61 62
67 68
67 81
69 95
71 80
75 76
80 99