54 69 64 90 50 27 52 14 11 35 40 96 41 23 97 49 78 17 60 55 24 36 10 81 85 31 66 58 26 75 59 68 37 3 0 82 80 83 42 76 86 74 38 29 28 13 65 61 2 93 87 43 44 48 79 4 84 46 39
54 69
54 64
54 90
54 50
69 23
69 97
69 49
64 78
90 27
90 52
90 14
90 11
90 35
90 40
27 96
27 41
52 55
14 10
96 17
96 60
23 42
23 76
97 81
78 0
17 80
17 83
55 24
55 36
24 31
10 26
85 31
85 66
85 58
75 59
75 68
75 37
75 3
59 29
68 82
0 74
0 44
82 65
80 13
86 74
86 38
74 61
29 28
65 61
65 2
65 93
61 87
87 39
43 44
43 48
44 79
44 4
79 84
4 46