0 1 10 11 2 22 20 12 21 3 13 23 33 32 31 30 4 14 24 34 43 42 41 40 44 50 94 95 49 59 5 52 74 75 47 57 25 54 55 45 9 8 7 6 19 29 39 18 27 17 16 15 38 26 35 46 98 88 89 77 87 78 66 56 90 91 92 80 70 81 72 93 84 83 60 51 61 71 63 64 53 62
0 1
1 11
10 11
10 20
11 22
2 12
2 3
22 12
22 21
22 23
22 33
22 32
12 13
21 31
3 4
13 14
23 24
33 34
33 43
32 42
31 30
31 41
4 5
24 25
34 44
34 35
42 52
40 50
50 60
50 51
94 95
94 84
49 59
49 39
5 6
52 51
52 53
52 62
74 75
74 84
74 64
47 57
47 46
25 15
25 26
54 53
55 45
55 56
45 35
45 46
9 8
9 19
8 7
8 18
7 6
7 17
19 29
29 39
39 38
27 17
16 15
98 88
88 89
88 77
77 87
77 78
77 66
66 56
90 91
91 92
91 81
92 93
80 70
80 81
81 72
72 63
84 83
51 61
61 71
63 64
63 53