0 10 22 25 1 11 17 30 2 31 33 3 16 20 9 13 34 35 36 39 5 24 40 41 42 7 47 48 8 49 50 51 52 54 21 57 19 58 59 60 12 62 64 65 14 23 67 68 69 73 74 75 76 77 80 82 83 84 85 87 89 91 92 94 95 96 97 99
0 25
10 57
22 91
22 92
25 73
1 30
11 58
11 59
11 60
17 3
17 76
17 77
30 58
2 31
2 33
31 89
33 36
33 65
3 20
3 9
3 34
3 35
3 36
16 73
16 74
16 75
20 85
20 87
9 52
9 54
13 64
13 65
34 41
34 68
35 75
36 59
39 85
5 40
5 41
5 42
24 97
24 99
41 51
41 50
42 48
42 99
7 48
47 91
47 80
8 49
8 50
21 89
57 65
19 82
19 83
19 84
12 62
62 92
14 67
14 68
14 69
23 94
23 95
68 82
68 91
75 95
84 96