0 14 5 8 25 26 27 1 15 4 28 29 30 3 12 34 35 36 23 37 38 39 17 40 41 42 6 19 10 43 44 45 7 11 20 46 47 48 13 16 49 50 51 9 21 52 53 54 55 56 57 58 59 60 61 62 63 66 67 68 69 70 72 18 24 73 74 75 76 77 78 79 80 81 82 83 84 86 87 88 89 90 22 92 94 95 96 97 98 99
0 25
0 26
0 27
14 68
14 69
5 40
5 41
5 42
8 49
8 50
8 51
25 45
25 69
25 76
25 88
26 55
26 98
1 28
1 29
1 30
15 70
4 37
4 38
4 39
30 45
3 34
3 35
3 36
12 61
12 62
12 63
36 38
36 69
23 94
23 95
23 96
17 76
17 77
17 78
40 97
6 43
6 44
6 45
19 82
19 84
10 55
10 56
10 57
45 67
7 47
7 48
11 58
11 59
11 60
20 86
20 87
46 56
48 53
13 66
16 73
16 74
16 75
51 77
9 52
9 53
9 54
21 88
21 89
21 90
53 55
54 92
58 75
62 74
66 90
70 96
72 99
18 80
18 81
24 97
24 98
24 99
75 84
75 96
75 76
78 80
78 79
83 99
86 90
22 92