0 7 4 25 26 27 1 28 2 17 22 31 32 33 13 35 36 5 39 12 40 41 42 6 15 43 44 46 47 48 24 9 52 53 54 10 21 56 11 58 59 60 61 62 63 64 66 14 67 68 69 70 72 16 74 75 19 78 80 84 88 89 90 91 92 93 99
0 25
0 26
0 27
7 1
7 46
7 47
7 48
4 39
25 75
25 84
25 35
26 48
27 39
1 28
28 36
2 31
2 32
2 33
17 78
22 91
22 92
22 93
32 99
33 47
33 64
13 66
5 40
5 41
5 42
12 61
12 62
12 63
40 47
6 43
6 44
15 70
15 72
44 48
46 69
46 88
46 53
48 59
48 63
48 92
48 70
24 99
9 52
9 53
9 54
52 80
53 66
10 56
21 88
21 89
21 90
56 75
11 58
11 59
11 60
14 67
14 68
14 69
16 74
16 75
19 84
78 93