0 90 1 5 4 29 62 80 49 9 2 6 74 93 54 28 3 21 42 12 94 69 92 23 30 38 15 51 86 19 7 8 11 10 31 52 39 85 16 17 78 18 20 61 35 36 34 22 27 56 73 67 32 24 25 71 26 87 91 13 57 63 81 64 83 84 60 88 79 75 77
0 90
90 38
1 5
1 4
1 29
1 62
1 80
1 49
5 9
4 2
29 91
9 54
9 28
2 3
2 12
2 94
2 69
6 74
6 93
74 71
93 86
3 21
21 42
12 8
12 11
94 92
94 23
94 30
92 15
92 51
23 32
38 7
15 85
86 19
19 18
19 20
19 61
7 8
11 10
11 52
11 39
10 31
31 57
52 22
52 67
85 75
16 17
16 78
17 18
20 35
61 60
35 36
35 34
36 64
36 83
22 27
22 56
22 73
32 63
32 81
24 25
24 71
24 26
25 87
26 91
91 13
64 88
64 79
83 84
75 77