0 1 10 2 3 4 14 5 6 7 20 15 23 27 16 28 8 25 26 21 35 24 33 32 46 41 42 50 52 30 31 40 51 45 56 44 53 60 43 67 48 57 58 69 59 49 54 55 64 66 71 74 76 98 68 72 80 62 70 84 86 88 81 90 82 83 93 92 89 94 85
0 1
0 10
1 2
10 20
2 3
3 4
4 14
14 5
14 15
14 23
5 6
6 7
20 21
15 25
15 16
15 26
27 16
27 28
27 8
25 35
25 24
35 46
24 33
33 32
32 41
32 42
46 45
46 56
41 50
41 52
41 30
41 31
41 40
41 51
50 60
52 43
45 44
56 67
44 53
60 71
67 57
67 98
67 68
48 57
48 58
58 69
69 59
59 49
54 55
54 64
55 66
64 74
66 76
71 72
71 80
71 62
71 70
74 84
76 86
98 88
72 84
80 81
80 90
88 89
81 82
82 83
83 93
83 92
93 94
94 85