0 10 13 25 26 27 1 28 29 30 2 9 33 3 34 4 21 7 38 39 6 16 43 44 45 20 46 47 8 11 49 51 17 52 56 12 58 59 60 61 62 63 18 64 65 66 14 15 67 68 69 72 74 76 77 78 79 80 81 22 23 87 88 89 90 91 93 94 95 97 98
0 25
0 27
10 56
13 2
13 64
13 65
13 66
25 44
25 56
26 28
1 28
1 29
1 30
28 66
2 33
9 52
3 34
34 58
34 62
4 38
4 39
21 88
21 89
21 90
7 46
7 47
38 88
6 43
6 44
6 45
16 74
44 51
44 66
45 97
20 87
46 90
8 49
8 51
11 59
11 60
49 52
17 76
17 77
17 78
12 61
12 62
12 63
59 98
59 69
62 64
18 79
18 80
18 81
64 69
65 81
66 90
66 76
14 67
14 68
14 69
15 72
68 74
69 72
69 95
76 93
81 94
22 91
22 93
23 95
87 95