0 4 44 3 50 30 38 20 49 15 10 62 61 70 13 40 14 53 64 17 32 65 22 24 57 25 27 28 51 29 36 77 76 99 91 81 79 84 87 7 86 54 98 60 89 74 56 92 67 73 63 55 8 9 6 35 1 72 37 66 58
0 44
0 4
0 77
0 76
0 99
0 91
0 81
0 79
0 84
0 87
0 7
0 86
0 98
0 89
0 74
0 92
4 30
4 37
4 58
44 15
44 53
3 50
3 63
3 1
50 40
50 53
30 27
38 62
38 22
20 70
20 6
49 17
49 8
15 64
15 60
15 9
10 62
10 61
10 66
61 25
61 29
70 17
13 40
13 67
40 36
14 53
14 73
64 57
17 32
32 36
32 29
65 25
65 51
22 72
24 57
24 55
27 54
28 51
28 56
29 35