0 9 15 25 1 19 22 4 28 29 30 2 14 23 31 32 33 3 34 36 7 37 38 39 5 21 20 40 41 42 6 16 43 44 46 47 48 18 11 52 53 54 10 55 56 57 58 59 60 12 61 63 13 24 64 65 66 67 70 71 74 75 17 76 77 78 79 81 82 83 84 85 86 87 89 90 93 94 95 97 98 99
0 25
9 52
9 53
9 54
15 70
25 42
1 28
1 29
1 30
19 82
19 83
22 93
4 37
4 38
4 39
30 83
2 31
2 32
2 33
14 67
23 94
31 87
32 52
3 34
34 36
34 76
7 46
7 47
7 48
37 60
37 44
38 79
39 94
39 85
5 40
5 41
5 42
21 89
21 90
20 86
20 87
40 55
41 89
6 43
6 44
16 74
16 75
43 93
44 95
47 67
48 84
18 79
18 81
11 58
11 59
11 60
52 75
54 82
10 55
10 56
10 57
55 66
55 82
57 71
60 82
12 63
61 75
63 97
13 64
13 65
13 66
24 97
24 98
24 99
70 75
17 76
17 77
17 78
76 82
82 84
83 98