81 62 88 99 50 59 9 82 63 33 2 6 86 53 87 16 49 68 92 90 44 58 23 41 25 95 65 61 37 34 46 21 29 71 91 60 72 22 0 55 93 28 24 1 79 18 13 54 57 48 39 75 26 32 94 40 5 56 74 35 11 38 73 69 66 12 98 10 42 67 96 20
81 99
81 59
62 63
88 9
50 55
50 32
59 20
59 67
59 33
9 93
9 53
82 0
63 40
2 6
2 87
6 22
86 46
86 65
86 79
87 28
87 1
87 18
16 49
16 68
68 44
68 40
92 94
90 58
90 72
90 18
44 41
44 25
44 61
58 29
23 75
41 65
95 35
95 42
65 74
65 11
61 56
61 37
61 38
37 57
34 56
34 1
34 73
46 91
21 0
21 93
71 73
60 11
0 26
0 32
55 66
93 1
28 24
24 12
24 5
1 13
1 75
79 39
54 57
54 48
94 67
40 35
5 69
56 96
74 10
35 20
12 98