0 23 20 2 11 16 9 31 33 3 7 34 35 36 4 10 8 38 39 5 17 42 6 43 44 45 48 12 24 51 52 55 56 58 59 61 62 63 13 21 14 64 66 15 22 67 68 69 70 71 72 73 74 76 77 78 18 79 80 81 85 89 92 94 95 96 97 99
0 23
23 3
23 94
23 95
23 96
20 85
2 31
2 33
11 58
16 73
16 74
9 52
33 69
3 34
3 35
3 36
7 48
4 38
4 39
10 55
10 56
8 51
39 62
5 42
17 76
17 77
42 71
6 43
6 45
43 68
43 48
44 78
44 62
12 61
12 62
24 97
24 99
51 77
52 55
55 95
56 92
58 66
58 70
58 77
59 70
62 94
62 97
62 73
63 95
13 64
13 66
21 89
14 68
14 69
64 85
15 70
15 71
15 72
22 92
67 96
68 96
69 89
70 95
18 79
18 80
18 81
81 96