0 37 38 20 45 46 47 48 49 50 51 52 53 54 55 56 57 58 59 60 61 62 63 64 65 66 67 68 69 70 71 72 73 1 11 99 2 23 3 24 12 43 29 6 41 8 7 14 26 27 9 35 30 16 15 28 17 18 44 21 36 34 42
0 37
0 38
0 20
0 45
0 46
0 47
0 48
0 49
0 50
0 51
0 52
0 53
0 54
0 55
0 56
0 57
0 58
0 59
0 60
0 61
0 62
0 63
0 64
0 65
0 66
0 67
0 68
0 69
0 70
0 71
0 72
0 73
37 7
37 18
37 99
20 16
20 21
45 1
48 8
49 9
51 15
53 17
56 23
61 30
63 34
64 35
65 36
70 41
71 42
72 43
73 44
11 16
2 23
3 24
3 12
3 43
43 29
6 41
7 14
7 26
7 27
15 28