0 68 35 73 74 75 76 77 78 79 80 81 82 83 84 85 86 87 88 89 90 91 92 93 94 95 96 97 98 99 1 15 2 70 3 11 8 4 34 46 5 21 43 6 17 67 59 7 18 32 23 55 9 64 10 19 72 13 45 39 58 16 63 47 22 31 44 38 27 28 56 30 54 36 41 37 40 42 65 51 61
0 68
0 35
0 73
0 74
0 75
0 76
0 77
0 78
0 79
0 80
0 81
0 82
0 83
0 84
0 85
0 86
0 87
0 88
0 89
0 90
0 91
0 92
0 93
0 94
0 95
0 96
0 97
0 98
0 99
68 13
68 42
68 61
68 63
35 54
75 6
77 8
78 9
79 10
81 15
84 18
87 22
89 27
90 28
94 36
99 44
1 15
15 16
2 70
70 18
70 30
3 11
3 8
8 32
8 23
4 34
4 46
46 30
5 21
5 43
43 28
6 17
6 67
6 59
17 47
59 58
7 18
55 54
9 64
19 39
72 58
13 45
13 39
47 65
22 31
38 36
38 37
28 56
36 41
40 42
51 61