0 7 1 33 34 37 40 42 43 44 46 47 49 50 51 52 2 53 54 55 56 57 58 59 60 61 62 63 64 65 66 67 68 69 70 71 29 8 72 73 74 75 76 77 78 79 80 81 82 83 84 85 86 87 88 89 90 3 18 4 30 17 5 10 6 21 26 9 13 24 14 19 22 23 31
0 7
0 1
0 37
0 40
0 42
0 43
0 44
0 46
0 47
0 49
0 50
0 52
7 17
1 2
1 33
1 53
1 54
1 55
1 56
1 57
1 58
1 59
1 60
1 61
1 62
1 63
1 64
1 65
1 66
1 67
1 68
1 69
1 70
1 71
34 2
51 29
2 29
2 8
2 72
2 73
2 74
2 75
2 76
2 77
2 78
2 79
2 80
2 81
2 82
2 83
2 84
2 85
2 86
2 87
2 89
2 90
54 3
63 18
67 24
29 10
29 88
8 21
8 26
74 5
84 23
90 31
18 6
4 17
30 31
21 9
21 14
26 19
9 13
22 23