0 10 25 26 27 1 16 23 12 28 6 21 18 31 32 3 13 36 4 38 39 5 9 40 17 43 47 50 53 54 55 56 57 15 61 62 63 64 14 69 22 70 71 72 73 74 75 77 79 80 19 20 82 84 85 86 87 88 89 93 94 96
0 25
0 26
0 27
10 55
10 56
10 57
25 50
27 57
27 74
27 54
1 28
16 73
16 74
16 75
23 94
23 96
12 18
12 61
12 62
12 63
28 72
28 84
6 43
21 88
21 89
18 79
18 80
31 96
32 96
3 36
13 64
36 54
4 38
4 39
38 82
39 87
39 40
5 40
9 53
9 54
17 77
43 50
47 79
55 69
15 70
15 71
15 72
61 74
62 70
63 89
64 72
14 69
22 93
70 87
71 77
71 94
75 93
19 84
20 85
20 86
20 87