61 85 31 95 89 51 72 23 1 12 42 76 30 39 44 4 45 40 68 73 47 92 82 46 20 36 0 10 83 49 98 81 43 67 84 9 65 77 70 8 59 57 11 99 96 88 71 87 27 69 94 5 3 15 32 38 22 35 17 48 97 56 21 62 7 25
61 85
61 31
61 95
61 89
85 51
85 72
85 23
31 40
31 68
31 73
31 47
95 9
51 71
51 87
72 57
72 11
72 99
23 1
23 12
23 42
23 76
23 30
1 39
1 44
1 4
1 45
12 92
12 82
39 69
39 94
39 5
44 98
44 81
40 46
40 20
40 36
68 43
68 67
73 27
92 0
92 10
82 15
46 84
20 83
20 49
0 3
10 88
83 65
83 77
83 70
43 62
84 22
9 8
9 59
8 96
57 7
11 35
88 32
88 38
71 97
71 56
69 48
3 17
32 21
22 25