0 37 50 73 81 1 41 80 89 95 29 43 57 12 28 39 83 87 4 22 47 62 77 5 9 27 55 67 6 21 26 82 88 92 7 23 52 8 40 94 34 46 65 10 60 64 68 11 71 72 56 66 13 33 14 15 53 51 16 44 86 45 96 58 97 30 78 90 70 85 79 84
0 73
37 15
37 45
50 21
73 1
73 68
73 90
81 68
1 89
41 79
80 29
80 43
80 70
89 60
89 64
89 79
89 86
95 7
95 53
95 68
29 58
29 67
29 97
57 58
12 56
28 62
39 58
83 62
83 72
87 10
87 66
87 96
4 22
4 47
22 8
22 34
47 64
47 82
77 34
77 45
5 27
5 67
9 34
9 65
55 34
6 26
6 82
21 10
21 56
88 51
88 52
88 84
92 71
23 44
40 13
40 34
40 46
94 30
94 79
34 71
10 64
60 33
68 14
11 71
71 78
72 86
51 45
16 44
44 58
44 85
86 97