0 5 95 1 10 6 90 96 15 11 20 16 21 25 22 23 26 30 27 28 31 35 32 34 33 36 40 37 39 38 41 45 42 44 43 46 50 47 49 48 51 55 52 54 53 56 60 57 58 65 61 70 66 75 71 80 76 85 81 86 91
0 5
0 95
0 1
5 10
5 6
95 90
95 96
10 15
10 11
90 91
15 20
15 16
20 21
20 25
21 22
25 26
25 30
22 23
26 27
30 31
30 35
27 28
31 32
31 34
35 36
35 40
32 33
36 37
36 39
40 41
40 45
37 38
41 42
41 44
45 46
45 50
42 43
46 47
46 49
50 51
50 55
47 48
51 52
51 54
55 56
55 60
52 53
56 57
60 65
60 61
57 58
65 70
65 66
70 75
70 71
75 80
75 76
80 85
80 81
85 86