34 91 1 11 56 82 86 93 96 2 8 78 83 87 3 19 29 64 69 88 5 6 13 42 70 85 62 90 25 9 23 76 80 92 15 28 46 60 61 75 95 14 38 67 18 16 97 39 41 49 59 17 72 58 20 48 98 21 57 24 26 53 32 71 33 79 94 89
34 42
91 23
91 92
1 82
1 93
1 96
11 28
11 61
11 95
56 29
56 41
82 25
86 49
96 18
96 20
96 23
96 49
2 8
8 9
8 23
8 90
78 85
83 69
87 62
3 19
19 28
19 60
19 75
64 6
64 48
64 76
64 97
69 60
69 72
69 89
88 53
5 13
5 70
5 85
6 62
13 38
42 32
42 92
70 23
70 24
23 28
76 14
76 21
80 39
80 67
92 71
15 16
46 38
95 57
95 79
18 58
16 39
16 49
16 59
41 48
49 26
17 72
72 33
58 94
20 48
98 21
26 53