0 6 26 27 1 15 2 28 29 30 14 31 32 33 3 19 9 34 35 4 12 37 38 39 5 20 40 41 42 18 10 43 44 7 11 46 47 48 8 49 51 52 53 54 23 16 56 57 22 24 58 59 60 61 62 63 13 64 65 66 21 67 68 69 72 73 74 17 76 77 78 79 80 81 82 83 84 85 86 87 88 89 90 91 92 93 95 97 98 99
0 26
0 27
6 44
27 62
1 28
1 29
1 30
15 72
2 31
2 32
28 43
28 93
29 59
29 38
29 32
30 52
30 74
14 67
14 68
14 69
32 57
33 87
3 35
19 83
19 84
9 52
34 64
35 54
35 57
4 37
4 38
4 39
12 61
12 62
12 63
38 97
38 77
5 40
5 41
5 42
20 85
20 86
20 87
42 88
42 58
18 79
10 56
10 57
44 56
7 47
7 48
11 58
11 59
11 60
46 58
46 67
47 80
47 92
47 59
48 79
8 49
8 51
51 92
52 81
53 62
53 84
23 95
16 73
16 74
22 91
22 92
24 97
24 99
58 61
58 86
60 65
13 64
13 66
64 72
64 77
21 88
21 89
21 90
17 76
17 77
17 78
76 95
77 98
82 92