0 1 32 34 2 3 19 4 5 20 21 6 7 8 9 24 10 11 13 25 12 36 38 14 15 39 40 16 17 26 18 23 27 22 28 29 31 30 43 44 33 45 35 37 41 42 46 52 47 48 49 50 54 51 55 56 57 58 59 60 63 61 62 64 69 66 75 67 65 70 71 79 80 78 72 74 77 82 83 73 84 85 89 86 88 90 95 93
0 32
1 2
32 19
34 27
34 33
2 3
3 4
19 18
4 5
4 20
4 21
5 6
5 7
5 8
5 60
21 23
7 58
8 9
24 23
24 25
10 13
11 12
11 13
11 36
11 38
13 14
13 25
36 37
36 40
38 52
14 39
15 16
39 47
39 48
16 17
17 18
26 18
26 27
26 28
26 29
18 23
23 22
27 31
29 43
29 44
31 30
43 42
45 42
35 37
35 46
41 42
48 49
49 50
50 51
54 55
51 93
55 58
56 57
57 58
58 62
59 63
59 61
60 61
63 64
62 70
64 69
69 75
66 67
75 84
75 88
67 72
67 74
65 70
70 71
70 79
79 80
79 78
79 95
80 77
72 73
74 83
82 83
73 84
84 85
84 89
84 86
88 90