0 93 49 1 18 19 65 2 47 66 22 4 67 92 5 68 6 27 63 7 41 79 8 58 30 56 74 24 11 48 31 60 12 44 70 13 20 14 90 94 15 32 39 62 16 28 80 17 53 71 43 34 52 46 21 86 89 23 72 84 82 54 29 55 37 78 38 99 35 40 42 45 81 97 83 73 69 91 64 51 76 98 88 85 61 96
0 49
93 79
49 91
49 64
1 18
1 65
18 8
18 19
18 34
19 52
65 23
65 40
2 47
2 66
47 73
66 20
22 5
22 12
4 67
4 92
67 15
67 42
67 53
67 56
67 64
68 80
68 71
6 27
6 63
27 21
7 41
41 82
79 14
8 58
8 30
8 74
58 89
30 24
11 48
11 60
48 12
31 55
12 44
12 70
44 29
44 82
70 96
13 20
14 90
14 94
90 39
90 85
94 46
15 32
15 39
32 84
39 37
62 55
62 73
16 28
28 82
28 54
80 78
17 53
17 43
71 21
71 98
34 38
34 99
21 86
86 64
89 69
72 51
72 64
72 97
82 38
82 64
54 35
54 73
99 61
45 81
45 97
97 83
97 88
76 61