0 23 19 25 26 27 3 32 34 4 10 37 39 5 17 20 40 41 42 6 15 12 44 45 7 9 46 47 48 8 18 49 50 52 53 54 24 55 56 57 11 58 59 61 62 63 13 22 64 67 70 71 72 76 77 78 79 80 81 82 84 86 87 21 88 91 92 93 96 99
0 25
0 26
0 27
23 96
19 82
19 84
25 39
26 82
26 44
27 62
27 52
27 91
3 34
32 92
34 48
4 37
4 39
10 55
10 56
10 57
5 40
5 41
5 42
17 77
17 78
20 86
20 87
40 59
41 58
41 62
6 44
6 45
15 70
15 71
15 72
12 61
12 62
12 63
7 46
7 47
7 48
9 52
9 53
9 54
47 71
8 49
8 50
18 79
18 81
50 81
52 67
52 64
24 99
56 80
57 62
11 59
62 70
62 76
62 77
13 64
22 91
22 92
22 93
71 81
72 96
80 88
81 99
87 91
21 88