0 3 26 4 2 11 31 32 33 18 34 35 36 7 12 9 37 5 8 40 48 22 49 50 10 52 53 54 55 57 58 59 60 61 62 63 13 64 65 66 16 24 73 74 75 17 19 76 77 78 80 82 84 21 86 88 89 90 23 91 92 93 95 96 97 98 99
0 26
3 34
3 35
3 36
26 97
4 37
2 31
2 32
2 33
11 58
11 59
11 60
31 88
32 37
18 80
35 84
35 88
35 57
36 62
7 48
12 62
12 63
9 52
9 53
9 54
5 40
8 49
8 50
40 89
48 80
22 91
22 92
22 93
50 54
10 55
10 57
52 77
52 88
59 90
61 99
62 86
13 64
13 65
13 66
64 88
16 73
16 74
16 75
24 97
24 98
24 99
73 88
17 76
17 77
17 78
19 82
19 84
80 99
84 95
21 88
21 89
21 90
88 92
88 98
23 95
23 96