0 27 21 88 89 90 34 1 30 28 23 94 95 6 43 45 3 35 36 11 59 58 68 40 38 4 9 54 53 51 98 8 84 55 10 83 75 62 12 19 82 65 13 14 69 67 99 77 70 87 15 16 17 76 80 18 24 97 20
0 27
27 34
21 88
21 89
21 90
88 65
89 55
89 62
90 67
34 3
34 43
1 30
1 28
30 94
23 94
23 95
94 80
95 83
6 43
6 45
45 38
3 35
3 36
35 68
35 40
11 59
11 58
59 75
58 83
68 14
38 4
9 54
9 53
54 84
54 98
51 98
51 8
98 24
84 19
55 10
83 19
83 87
75 16
62 12
19 82
65 13
14 69
14 67
69 77
67 99
99 24
77 17
70 87
70 15
87 20
17 76
80 18
24 97