78 57 95 68 55 1 34 24 54 84 10 66 2 90 30 5 37 65 92 80 3 7 18 52 31 39 69 29 58 75 6 20 33 74 73 47 9 16 48 11 86 64 13 35 85 17 21 43 26 59 93 40 23 62 25 82 91 51 27 72 38 50 87 81 96 63 42 94 98 53 89
78 25
78 50
57 37
57 53
57 85
95 9
95 50
68 13
55 87
1 34
1 24
1 54
1 84
1 66
24 62
84 5
84 11
84 53
84 86
84 87
10 92
66 6
66 50
2 90
2 30
2 5
2 65
2 92
2 80
5 29
5 75
65 17
65 94
92 21
3 7
3 18
7 6
52 23
31 91
39 29
39 96
69 51
58 75
6 20
6 33
74 89
74 81
73 64
47 62
16 11
48 40
86 23
86 81
64 26
13 35
35 43
85 40
85 93
21 43
21 26
21 59
26 51
62 27
25 82
82 98
91 51
27 72
27 38
63 98
42 94