0 49 84 29 1 15 86 80 2 74 76 3 44 10 52 5 47 53 7 41 58 46 9 78 81 11 65 12 37 85 16 54 83 17 18 19 79 20 30 21 31 22 45 62 23 71 25 27 32 28 61 33 90 67 91 92 63 68 48 50 89 51 55 56 72 57 66 60 77 88 64 73 82 70 87
0 49
0 84
0 31
49 46
49 50
29 73
1 15
1 86
1 62
15 58
15 47
15 32
86 83
86 55
86 64
80 41
80 45
2 41
2 83
74 65
76 62
3 10
44 21
44 65
44 77
10 78
10 81
52 91
52 73
5 18
5 67
53 25
7 9
46 20
9 67
78 27
78 83
78 82
11 65
65 25
65 56
12 37
12 17
37 16
85 82
16 54
16 83
16 30
16 87
54 23
54 68
83 88
83 89
83 90
18 73
19 79
19 21
79 33
21 31
21 68
22 62
71 92
25 63
28 63
61 92
61 77
90 66
68 48
68 73
51 55
72 64
57 73
60 77
64 70