0 34 43 1 35 2 36 45 3 37 40 46 4 30 38 41 47 5 31 39 42 48 6 32 49 33 8 9 53 11 54 55 50 56 14 51 57 15 52 58 16 59 17 19 20 63 64 22 65 23 60 66 25 68 26 69 28 29 73 75 76 71 77 72 79 83 84 85 80 86 82 88 94 95 96 91 97
0 34
34 60
34 68
34 71
34 77
43 6
43 17
43 77
43 86
1 35
35 9
35 69
35 72
2 36
2 45
36 73
36 79
45 8
45 11
45 19
45 82
3 37
3 40
37 63
46 72
4 30
30 73
38 64
38 75
41 15
41 75
47 84
5 31
5 42
5 48
31 65
39 65
39 76
42 16
48 14
48 85
6 32
6 49
32 66
32 75
33 76
53 16
11 54
54 17
54 20
54 28
54 80
54 88
54 91
55 29
50 84
56 22
51 25
51 94
57 23
57 83
15 58
52 95
58 84
59 25
59 96
20 63
63 26
63 97
22 65
65 91
23 60
66 29
25 68
26 69
69 95