0 3 2 1 4 5 6 7 8 9 10 12 11 13 14 15 17 18 19 16 20 22 23 21 24 26 29 28 25 27 32 34 31 33 30 35 37 36 39 38 42 43 44 40 41 45 49 46 47 48 50 52 51 53 54 56 59 55 58 57 61 62 60 63 64 65 68 66 69 67 72 73 70 74 71 77 78 75 81 83 84 80 82 87 88 85 89 86 91 93 94 92 90 97 99 96 98
0 3
0 1
2 1
2 4
2 93
4 48
5 9
5 55
6 7
6 34
7 8
9 89
10 12
10 13
10 14
12 11
13 46
13 65
14 54
15 16
17 16
18 19
18 16
19 48
19 90
20 22
20 87
22 21
23 73
21 24
21 82
26 29
26 27
26 75
29 25
28 25
32 34
32 31
32 33
31 98
33 30
33 49
33 81
35 37
35 39
37 36
37 43
39 38
42 75
42 62
43 44
44 40
44 74
40 41
45 49
45 46
45 48
47 48
47 70
50 54
52 53
51 53
53 71
56 59
56 57
56 90
59 58
55 58
57 64
61 62
61 60
62 74
60 63
65 78
68 67
66 69
66 91
69 67
72 71
73 71
70 74
70 71
77 86
81 80
83 84
83 80
83 82
87 88
88 85
85 86
91 94
93 92
94 92
97 99
99 96
99 98