0 1 3 2 5 6 4 10 14 13 11 16 18 19 15 17 34 26 25 28 27 33 31 30 29 35 39 38 32 36 41 43 44 40 42 46 47 60 53 61 51 50 58 59 52 56 55 54 64 63 57 66 68 69 65 67 62 76 78 77 75 80 81 85 88 89 86 91 93 92
0 1
1 3
1 2
3 10
2 5
2 6
2 4
5 14
5 13
10 11
14 15
13 16
13 18
13 19
11 17
15 34
34 25
26 25
26 28
26 27
25 33
28 35
27 31
27 30
27 29
31 32
30 39
30 38
35 36
39 40
38 41
38 43
38 44
36 42
41 46
41 47
40 60
60 53
60 61
53 51
61 67
61 62
51 50
51 52
50 58
50 59
52 56
52 55
52 54
56 57
55 64
55 63
64 65
63 66
63 68
63 69
65 76
76 78
76 77
76 75
78 85
77 80
77 81
80 88
80 89
85 86
88 91
88 93
86 92