0 57 61 55 70 71 72 73 74 75 76 77 78 79 80 81 82 83 84 85 86 87 88 89 90 91 92 93 94 95 96 97 98 99 1 45 7 3 47 46 28 6 31 8 10 9 25 11 20 67 12 21 13 53 41 14 56 44 26 17 30 19 27 69 50 51 65 32 36 49 38 42 60
0 57
0 61
0 55
0 70
0 71
0 72
0 73
0 74
0 75
0 76
0 77
0 78
0 79
0 80
0 81
0 82
0 83
0 84
0 85
0 86
0 87
0 88
0 89
0 90
0 91
0 92
0 93
0 94
0 95
0 96
0 97
0 98
0 99
57 21
61 36
55 8
55 42
70 1
71 3
73 6
74 7
76 9
82 17
84 20
88 26
89 27
91 30
93 32
98 38
99 41
1 45
7 31
7 46
3 47
46 19
28 19
8 10
9 25
11 20
67 38
12 21
21 14
21 50
13 53
13 41
14 56
44 27
26 65
19 69
69 51
65 60
36 49