0 9 18 25 26 1 8 20 28 29 30 2 24 31 32 33 3 4 11 36 12 16 23 37 38 39 5 15 40 41 42 6 14 43 44 45 7 46 47 17 49 50 51 53 10 21 56 59 13 61 62 63 65 66 68 70 71 72 73 75 76 78 19 79 80 81 82 85 86 22 88 91 92 93 94 95 96 98
0 25
0 26
9 53
18 79
18 81
25 37
25 59
26 56
1 28
1 29
1 30
8 49
8 50
8 51
20 86
28 76
29 39
2 31
2 32
2 33
24 98
31 71
31 36
3 36
4 37
4 38
4 39
11 59
12 61
12 62
12 63
16 73
16 75
23 94
23 95
23 96
38 91
38 96
38 71
39 45
39 41
5 40
5 41
5 42
15 70
15 71
15 72
41 66
41 86
42 68
6 43
6 44
6 45
14 68
7 46
7 47
47 91
17 76
50 71
51 78
53 70
10 56
21 88
13 65
13 66
61 85
61 71
66 98
72 81
73 94
19 82
80 95
82 86
86 88
22 91
22 92
22 93