0 1 2 3 4 5 6 7 8 9 10 11 12 13 14 15 16 17 18 19 20 21 22 23 24 25 26 27 28 29 30 31 32 33 34 35 36 37 38 39 40 41 42 43 44 45 46 49 50 51 52 53 54 55 56 57 58 59 60 61 62 63 64 65 66 67 68 69 70 71 72 73 74 75 76 77 78 79 80 81 82 83 84 85 86 87 88 89 90 91 92 93 94 95 96 97 98 99
0 8
1 2
1 31
3 4
4 5
4 88
5 67
6 7
6 64
7 8
8 9
9 10
10 11
10 92
11 12
13 14
14 15
15 16
16 17
17 18
18 23
19 20
20 21
20 60
21 22
22 23
23 24
25 26
26 27
26 71
27 28
28 29
29 30
31 32
32 33
32 84
33 34
33 72
34 35
35 36
36 37
37 38
38 39
40 41
41 42
41 82
42 43
42 51
44 45
45 46
45 90
49 50
50 90
51 52
53 54
54 55
55 56
56 57
57 58
58 59
59 60
60 61
60 66
61 62
61 72
62 63
63 64
65 66
67 68
67 77
68 69
69 70
70 71
71 72
72 73
72 99
73 74
74 75
76 77
77 78
78 79
79 80
80 81
82 83
83 84
84 85
85 86
87 88
88 89
89 90
91 92
92 93
94 95
95 96
96 97
97 98
98 99