0 14 19 21 7 26 1 22 29 2 4 31 33 3 20 35 6 5 37 38 39 13 24 40 41 42 12 44 45 46 8 16 49 50 51 9 15 23 52 53 54 10 18 57 11 58 59 60 61 63 64 65 66 67 70 73 74 17 76 77 78 79 81 82 83 84 86 88 89 90 91 94 97 98 99
0 26
14 67
19 82
19 83
19 84
21 88
21 89
21 90
7 46
26 53
1 29
22 91
29 73
2 31
2 33
4 20
4 5
4 37
4 38
4 39
31 57
31 50
3 35
20 86
35 64
6 44
6 45
5 40
5 41
5 42
37 83
38 76
38 98
38 52
39 81
39 89
13 64
13 65
13 66
24 97
24 98
24 99
12 61
12 63
44 54
44 59
46 78
8 49
8 50
8 51
16 73
16 74
50 52
9 52
9 53
9 54
15 70
23 94
52 79
54 74
54 67
54 94
10 57
18 81
11 58
11 59
60 81
63 89
65 83
70 77
17 76
17 77
17 78
88 91