0 98 1 97 2 5 96 93 7 8 9 10 12 11 13 14 17 16 18 20 22 23 21 24 25 26 27 29 28 31 33 30 34 32 35 36 39 38 41 37 40 42 43 45 44 48 46 51 50 49 47 53 54 52 56 57 58 59 60 62 64 66 68 69 71 74 75 78 80 82 83 92 90
0 98
98 1
98 2
1 97
97 96
2 5
5 7
96 93
93 92
7 8
8 9
9 10
10 12
12 13
11 13
11 14
14 17
17 16
16 18
18 20
20 22
22 23
22 21
22 24
22 25
23 26
26 27
27 29
27 28
29 31
31 33
31 30
33 34
33 32
33 35
34 36
36 39
39 38
38 41
38 37
41 42
40 42
40 43
43 45
43 44
45 48
45 46
48 51
48 50
48 49
51 53
50 47
53 54
53 52
54 56
54 57
56 58
56 59
57 60
60 62
62 64
64 66
66 68
68 69
69 71
71 74
74 75
75 78
78 80
80 82
82 83
92 90