14 15 91 87 6 33 34 16 76 57 19 29 31 56 20 92 59 45 79 40 32 28 61 96 47 23 30 81 43 67 36 70 50 2 71 68 26 42 72 99 25 46 77 8 60 62 49 75 84 3 11 27 1 5 39 74 89 37 22 64 21 58 88 17 12 53 41 85 4 54 93
14 15
15 91
91 87
91 75
87 6
6 33
33 93
34 45
16 76
16 23
76 54
57 92
19 29
29 77
31 60
31 3
56 39
20 92
92 59
92 4
92 12
59 45
45 79
79 40
40 32
40 22
28 61
28 43
96 85
47 23
23 30
30 81
30 74
43 67
43 74
67 41
36 4
70 50
70 41
2 71
2 17
68 26
26 42
26 4
42 72
72 99
25 46
46 77
46 4
46 84
8 60
8 37
60 27
62 27
49 75
75 84
11 27
11 88
1 5
5 39
39 74
89 37
22 64
21 93
58 88
58 41
17 12
12 53
53 41
85 4