0 11 6 25 26 27 1 28 29 30 2 14 24 31 32 33 3 17 34 35 36 21 39 5 18 40 41 42 43 44 16 10 46 15 13 19 9 22 52 53 54 55 56 57 20 59 60 65 66 67 68 69 70 71 72 74 75 76 77 78 79 80 81 82 83 84 85 86 88 89 90 91 92 93 96 99
0 25
0 26
0 27
11 59
11 60
6 43
6 44
25 52
1 28
1 30
28 79
29 82
30 99
2 31
2 32
2 33
14 67
14 68
14 69
24 99
32 78
32 43
32 96
33 39
3 34
3 35
17 76
17 77
17 78
35 59
35 69
36 54
21 88
21 90
5 40
5 41
5 42
18 79
18 80
18 81
40 68
41 85
43 46
16 74
16 75
10 55
10 56
10 57
15 71
15 72
13 65
13 66
19 82
19 83
19 84
9 52
9 53
9 54
22 91
22 92
22 93
54 82
54 70
54 78
56 78
57 74
20 85
20 86
65 67
69 78
72 78
77 92
78 79
81 88
89 92