1 2 4 7 8 9 13 14 15 16 20 24 25 26 27 28 29 31 32 33 35 37 38 39 40 41 42 43 44 45 46 48 49 52 53 54 55 56 57 58 59 60 63 64 65 66 67 68 69 70 72 73 74 75 76 77 79 80 82 83 84 85 87 90 91 92 93 94 95 96 97 98
1 2
1 25
4 68
7 79
8 9
8 28
13 14
13 63
14 15
15 16
16 57
16 68
20 70
24 82
24 87
25 26
25 33
25 84
27 28
28 52
29 72
31 32
32 33
33 45
35 93
37 38
38 39
38 98
38 79
39 40
39 70
40 41
42 43
43 44
43 84
46 94
46 64
48 49
49 84
49 60
52 77
53 67
54 55
55 56
56 57
57 79
58 67
59 97
65 66
65 87
66 67
67 68
69 96
69 73
72 73
74 75
75 76
75 80
76 77
79 80
80 93
83 84
84 85
84 93
90 91
91 92
92 93
93 94
94 95
95 96
96 97