0 45 1 94 37 61 20 65 4 23 12 53 73 39 89 35 2 57 77 55 95 22 5 68 80 62 88 18 93 46 49 40 13 33 85 96 34 54 19 43 44 67 8 9 17 63 81 76 82 6 14 91 60 26 32 59 71 52 21 72 98 10 7 42 48 66 64 36 24 47 30 69 70 41 83 97 50 3 27 16
0 45
0 80
0 10
0 42
0 30
0 12
0 88
45 73
45 70
45 63
1 94
94 35
94 67
94 60
94 72
37 61
37 98
37 10
20 65
20 22
65 2
65 19
4 23
4 69
23 96
12 53
73 91
73 64
73 50
73 41
39 89
39 77
39 55
89 40
35 2
35 7
57 77
55 95
55 71
95 36
5 68
5 21
68 9
68 91
68 17
80 66
80 76
62 88
18 93
18 17
46 49
49 9
13 33
33 26
33 32
85 96
85 64
96 8
34 54
34 63
34 24
19 44
43 36
63 81
76 82
6 14
14 47
14 41
91 52
26 59
26 21
52 36
10 97
7 48
7 70
42 27
64 3
64 16
83 97