0 37 20 59 60 61 62 63 64 65 66 67 68 69 70 71 72 73 74 75 76 77 78 79 80 81 82 83 84 85 86 87 88 89 90 91 92 93 94 95 96 97 98 99 1 45 31 30 13 4 24 5 34 9 8 50 10 40 52 57 11 47 29 14 18 55 54 33 25 21 38 39 58 35
0 37
0 20
0 59
0 60
0 61
0 62
0 63
0 65
0 66
0 67
0 68
0 69
0 70
0 71
0 72
0 73
0 74
0 75
0 76
0 77
0 78
0 79
0 80
0 81
0 82
0 83
0 84
0 85
0 86
0 87
0 88
0 89
0 90
0 91
0 92
0 93
0 94
0 95
0 96
0 97
0 98
0 99
37 5
20 10
20 25
59 1
62 8
64 10
66 13
67 14
71 21
79 30
80 31
82 33
86 38
97 55
1 45
30 58
4 24
24 25
34 11
9 50
50 10
10 40
10 52
10 57
40 18
52 35
52 39
57 11
11 47
11 29
55 54