21 1 28 29 30 2 15 20 14 31 32 3 34 35 36 4 13 37 38 39 5 8 40 41 42 17 45 7 46 47 48 49 50 51 12 61 62 23 65 24 67 68 69 18 70 71 72 16 73 74 75 76 77 78 19 81 82 83 85 87 88 89 90 93 94 95 96 97 98 99
21 88
21 89
1 28
1 29
1 30
28 39
28 48
29 96
2 31
2 32
15 70
15 71
15 72
20 85
20 87
14 67
14 68
14 69
31 77
3 34
3 35
3 36
35 81
36 39
4 37
4 38
4 39
13 65
5 40
5 41
5 42
8 49
8 50
8 51
40 48
42 65
17 76
17 77
17 78
45 96
7 46
7 47
7 48
47 99
48 67
48 78
49 67
12 61
12 62
61 78
23 94
23 96
24 97
24 98
24 99
68 71
68 87
18 81
71 95
16 73
16 74
16 75
73 77
73 82
76 90
19 82
83 88
83 99
90 93