0 6 69 86 1 58 61 2 40 3 4 13 17 36 57 5 49 55 79 38 43 7 23 42 46 10 80 85 95 24 12 22 83 89 14 52 63 65 66 76 15 27 77 18 25 37 62 19 68 78 96 98 21 90 35 45 39 75 97 54 48 29 30 31 32 33 87 88 99 74 92 73 47 44 51 82 71 56 50 53 67 94 72 91 64
0 6
0 69
0 86
69 80
69 88
1 58
1 61
58 40
58 72
58 87
2 40
40 18
3 13
4 17
4 57
13 12
13 83
13 89
17 77
36 31
36 48
57 55
57 76
57 89
57 94
57 97
5 49
49 45
49 56
79 53
79 72
38 27
43 48
43 52
43 82
7 23
23 24
42 76
46 22
10 80
10 85
80 39
85 18
85 66
95 73
95 91
95 98
24 14
24 21
24 75
22 37
22 63
83 52
14 52
14 63
14 66
52 44
52 71
65 47
65 64
66 15
66 78
66 96
27 48
77 64
18 25
18 62
62 29
19 78
68 48
78 30
96 50
98 32
98 45
98 51
90 71
35 74
45 44
75 74
54 47
32 33
32 99
33 92
50 67