0 1 89 2 3 4 5 42 6 38 7 11 8 70 9 76 10 68 26 12 13 41 14 96 15 43 16 57 18 44 19 61 20 83 22 23 24 53 25 74 27 28 40 29 31 82 86 32 33 92 35 54 36 37 69 59 39 64 97 63 81 56 94 58 67 60 75 66 80 71 87 88 90 95
0 1
1 2
89 90
2 3
3 4
4 5
5 6
5 38
42 41
6 7
6 11
38 37
7 8
7 70
11 10
11 12
8 76
70 69
70 71
9 10
10 26
68 67
68 69
26 25
26 27
12 13
12 41
13 14
13 96
41 40
14 15
14 43
96 95
96 97
15 16
15 57
43 44
57 56
18 61
19 20
19 83
61 60
83 82
22 23
23 24
23 53
24 25
53 54
25 74
74 75
27 28
28 29
28 31
40 39
29 82
31 32
82 81
86 87
32 33
32 92
35 36
36 37
37 59
59 58
59 60
39 64
64 63
81 80
94 95
67 66
71 87
87 88
90 95