0 1 2 3 18 4 6 17 8 7 11 10 12 14 16 19 20 21 22 23 30 25 29 31 32 28 24 26 33 27 54 56 36 34 35 37 38 40 39 42 48 50 47 45 52 46 51 57 58 55 61 59 75 60 73 74 62 76 68 65
0 1
1 2
2 3
3 18
3 4
18 17
4 6
6 8
6 7
8 10
8 12
7 11
11 16
10 14
16 19
19 20
20 21
21 22
22 23
22 30
23 25
30 29
30 31
25 28
25 24
29 32
31 54
32 33
32 27
28 26
33 36
33 34
33 35
54 56
56 57
36 37
37 38
38 40
40 39
39 42
42 45
48 50
48 47
50 52
50 46
47 45
52 51
57 58
57 55
58 61
58 59
61 60
59 75
60 73
60 74
73 62
62 76
76 68
68 65