6 73 25 17 8 27 89 32 47 54 3 19 87 83 61 92 50 0 38 56 62 37 4 96 39 99 10 74 86 97 70 28 40 59 82 41 9 42 36 81 63 14 34 26 31 13 93 65 60 7 20 23 68 79 52 33 75 64 48 66 88 49 11 51 90 21 53 1
6 19
6 74
73 48
73 52
25 33
17 64
8 32
8 23
27 37
89 92
47 74
47 86
54 65
54 36
3 48
87 36
87 93
87 38
83 68
83 33
83 20
61 92
61 88
92 68
92 42
50 82
0 56
0 74
0 68
62 4
62 81
62 28
37 34
37 26
4 36
96 93
39 99
39 52
10 81
74 97
86 51
97 9
97 26
97 7
97 52
70 11
40 49
59 31
82 75
41 9
36 75
36 64
36 7
36 21
63 49
63 23
63 66
14 34
26 31
13 60
60 90
7 49
7 90
79 66
52 53
49 11
21 1