0 8 17 30 78 91 1 13 16 29 33 50 57 83 85 96 2 41 49 94 3 34 73 98 69 72 82 42 19 23 60 10 12 25 38 40 58 59 74 80 11 27 36 53 89 95 14 90 92 61 28 88 65 54 79 48 37 31 63 56 66 99 45 64 43 47 51 97 70 84
0 17
8 73
17 23
17 57
30 63
78 80
91 34
1 29
1 33
1 50
1 57
1 83
1 85
1 96
13 38
13 95
16 49
29 10
29 27
29 66
29 69
33 82
83 54
85 56
85 90
96 42
96 79
96 88
2 94
41 14
41 79
49 37
49 45
49 88
94 10
94 43
94 84
3 34
34 12
34 27
73 40
73 70
98 31
98 69
72 51
19 61
19 80
60 95
10 25
10 40
10 58
10 59
10 74
12 36
12 53
11 27
27 65
53 89
95 28
95 97
92 70
61 43
28 56
28 63
88 48
79 99
99 51
64 51
43 47