0 36 23 61 62 63 64 65 66 67 68 69 70 71 72 73 74 75 76 77 78 79 80 81 82 83 84 85 86 87 88 89 90 91 92 93 94 95 96 97 98 99 1 54 2 44 3 8 9 5 6 12 53 32 22 59 31 19 16 56 52 20 43 21 50 24 25 29 57 37
0 36
0 23
0 61
0 62
0 63
0 64
0 65
0 66
0 67
0 68
0 69
0 70
0 71
0 72
0 73
0 74
0 75
0 76
0 77
0 78
0 79
0 80
0 81
0 82
0 83
0 84
0 85
0 86
0 87
0 88
0 89
0 90
0 91
0 92
0 93
0 94
0 95
0 96
0 97
0 98
0 99
23 54
62 3
63 5
64 6
65 8
68 12
71 16
75 20
76 21
77 25
80 29
81 31
82 32
85 37
89 43
90 44
99 59
1 54
54 19
54 57
54 56
2 44
9 32
9 53
22 20
19 52
21 50
21 24