0 1 11 5 2 27 8 28 29 30 24 31 32 33 3 16 14 34 35 10 15 23 40 42 44 7 9 46 47 48 51 18 52 53 54 55 56 57 58 59 60 21 61 13 22 64 65 66 20 67 68 69 70 72 73 78 79 80 81 85 86 87 90 92 93 94 95 96 97 98 99
0 27
1 28
1 29
1 30
11 58
11 60
5 42
2 31
2 32
2 33
27 32
8 51
28 34
30 48
24 97
24 98
24 99
31 40
31 67
32 42
33 73
3 34
3 35
16 73
14 20
14 21
14 67
14 68
14 69
10 55
10 56
10 57
15 70
15 72
23 94
23 95
23 96
44 94
7 46
7 47
7 48
9 53
9 54
47 80
48 67
51 85
18 79
18 81
52 67
54 96
55 61
57 98
58 94
59 93
60 78
21 90
13 64
13 65
13 66
22 92
22 93
64 68
64 70
20 85
20 87
67 92
67 95
69 98
79 95
86 95