0 26 61 62 63 64 65 66 67 68 69 70 71 72 73 74 75 76 77 78 79 80 81 82 83 84 85 86 87 88 89 90 91 92 93 94 95 96 97 98 99 1 30 3 2 43 4 8 38 7 48 9 49 10 20 11 31 16 32 14 29 17 18 19 56 57 51 53 55 36 42
0 26
0 61
0 62
0 63
0 64
0 65
0 66
0 67
0 68
0 69
0 70
0 71
0 72
0 73
0 74
0 75
0 76
0 77
0 78
0 79
0 80
0 81
0 82
0 83
0 84
0 85
0 86
0 87
0 88
0 89
0 90
0 91
0 92
0 93
0 94
0 95
0 96
0 97
0 98
0 99
26 3
26 53
26 55
61 2
63 4
66 7
67 9
68 10
69 11
71 14
72 16
73 17
74 18
75 20
82 30
83 31
86 36
90 42
95 48
96 49
97 51
1 3
43 31
4 8
4 38
49 56
16 29
32 18
19 56
19 57