0 32 34 38 36 68 69 70 71 72 73 74 75 76 77 78 79 80 81 82 83 84 85 86 87 88 89 90 91 92 93 94 95 96 97 98 99 1 30 2 67 3 43 4 37 48 5 39 6 7 8 20 9 14 10 11 41 55 12 23 28 13 15 59 16 60 17 22 18 29 46 21 35 57 26 24 25 63 54 44 31 33 53 42 51 40 64 65 52 58
0 32
0 34
0 38
0 36
0 68
0 69
0 70
0 71
0 72
0 73
0 74
0 75
0 76
0 77
0 78
0 79
0 80
0 81
0 82
0 83
0 84
0 85
0 86
0 87
0 88
0 89
0 90
0 91
0 92
0 94
0 95
0 96
0 97
0 98
0 99
34 53
38 7
38 25
38 64
38 65
36 6
36 18
36 31
36 42
36 51
36 93
70 5
73 8
75 10
76 11
77 13
82 20
84 22
85 23
86 26
87 30
92 35
95 39
96 40
97 41
1 30
30 2
30 44
67 33
3 43
43 51
4 37
37 28
48 8
39 14
39 55
20 29
20 46
9 14
12 23
12 28
28 54
15 59
59 57
16 60
60 51
17 22
22 57
21 35
35 33
57 52
26 63
24 25
64 58