0 2 25 24 62 63 64 65 66 67 68 69 70 71 72 73 74 75 76 77 78 79 80 81 82 83 84 85 86 87 88 89 90 91 92 93 94 95 96 97 98 99 1 43 33 44 8 5 42 37 7 52 9 58 11 14 15 41 16 55 40 17 20 22 23 54 32 35 27 30 50 39 47
0 2
0 25
0 24
0 62
0 63
0 64
0 65
0 66
0 67
0 68
0 69
0 70
0 71
0 72
0 73
0 74
0 75
0 76
0 77
0 78
0 79
0 80
0 81
0 82
0 83
0 84
0 85
0 86
0 87
0 88
0 89
0 90
0 91
0 92
0 93
0 94
0 95
0 96
0 97
0 98
0 99
2 43
25 9
24 32
24 35
24 54
24 41
62 1
67 7
68 8
72 14
74 16
75 17
86 33
89 39
93 44
97 50
99 52
5 42
5 37
42 22
37 30
37 41
9 58
9 11
15 41
16 55
16 40
17 20
23 54
27 30
39 47