0 1 2 3 4 5 6 7 8 9 10 11 12 13 14 15 16 17 18 19 20 21 22 23 24 26 25 27 28 29 30 31 32 33 34 35 36 37 38 39 40 41 42 43 44 45 46 47 48 49 51 50 52 53 54 55 56 57 58 59 60 61 62 63 64 65 66 67 68 69 70 71 72 73 74 76 75 77 79 80 81 82 83 84 87 88 89 90 94 95 96 97 98 99
0 1
0 4
0 5
1 2
1 7
2 9
3 4
3 11
4 13
5 6
5 14
6 23
7 8
8 21
9 10
10 19
12 13
12 17
14 15
15 16
17 18
18 49
20 21
22 23
23 24
26 27
26 32
25 29
25 30
27 28
30 31
30 39
31 32
31 48
32 33
33 34
34 35
35 36
37 38
38 39
39 40
40 41
40 74
41 42
43 44
44 45
45 46
46 47
47 48
48 49
51 52
51 57
50 54
50 55
53 54
55 56
55 64
56 57
56 73
57 58
58 59
59 60
60 61
62 63
62 67
63 64
64 65
65 66
65 99
68 69
69 70
70 71
71 72
72 73
73 74
76 77
76 82
75 79
75 80
80 81
80 89
81 82
81 98
82 83
83 84
87 88
88 89
89 90
94 95
95 96
96 97
97 98
98 99