0 10 65 66 67 68 69 70 71 72 73 74 75 76 77 78 79 80 81 82 83 84 85 86 87 88 89 90 91 92 93 94 95 96 97 98 99 1 27 62 3 13 56 5 39 53 33 9 60 11 49 47 20 15 18 21 38 32 26 57 28 29 31 41 44
0 10
0 65
0 66
0 67
0 68
0 69
0 70
0 71
0 72
0 73
0 74
0 75
0 76
0 77
0 78
0 79
0 80
0 81
0 82
0 83
0 84
0 85
0 86
0 87
0 88
0 89
0 90
0 91
0 92
0 93
0 94
0 95
0 96
0 97
0 98
0 99
10 3
65 1
68 5
71 9
73 11
76 15
78 18
82 26
83 27
84 28
85 29
87 31
88 32
93 39
94 41
97 44
62 31
3 13
13 47
13 20
56 26
53 28
33 20
9 60
11 49
21 38
38 29
57 41