0 2 55 61 62 63 64 65 66 67 68 69 70 71 72 73 74 75 76 77 78 79 80 81 82 83 84 85 86 87 88 89 90 91 92 93 94 95 96 97 98 99 38 28 20 31 14 42 59 37 9 43 11 50 29 18 25 53 27 51 30 32 39 36 60
0 2
0 55
0 61
0 62
0 63
0 64
0 65
0 66
0 67
0 68
0 69
0 70
0 71
0 72
0 73
0 74
0 75
0 76
0 77
0 78
0 79
0 80
0 81
0 82
0 83
0 84
0 85
0 86
0 87
0 88
0 89
0 90
0 91
0 92
0 93
0 94
0 95
0 96
0 97
0 98
0 99
2 28
55 9
55 25
69 11
72 14
74 18
76 20
83 27
84 29
85 30
86 31
91 36
92 37
93 38
94 39
97 42
98 43
59 36
43 60
11 50
25 51
53 32
51 32