23 1 8 19 16 28 29 2 31 32 33 3 5 35 36 4 20 37 39 12 18 41 6 14 43 44 45 7 24 47 48 51 9 21 52 53 54 10 13 15 55 56 57 11 17 58 59 60 61 62 63 64 66 68 69 22 70 74 75 76 77 78 79 80 81 82 83 86 89 90 91 92 93 94 95 96 97 98 99
23 94
23 95
1 28
1 29
8 51
19 82
16 74
16 75
29 81
2 31
2 32
31 64
31 75
31 98
33 99
3 35
5 41
35 44
35 99
36 97
4 39
20 86
37 98
37 68
39 61
12 61
12 62
12 63
18 79
18 80
18 81
41 53
6 44
14 69
43 55
43 69
45 81
7 47
7 48
24 97
24 98
24 99
48 55
51 92
9 52
9 53
9 54
21 89
21 90
53 83
54 96
54 97
54 70
10 55
10 56
10 57
13 64
13 66
15 70
55 89
56 97
11 58
11 59
11 60
17 76
17 77
17 78
58 98
61 81
62 97
22 91
22 92
22 93
76 86
77 94
78 97
82 99
93 97